<?xml version="1.0" encoding="UTF-8"?>
<testsuite name="kids-games-01-lobby-and-games" tests="5" failures="0" time="35.73">
    <testcase classname="kids-games-01-lobby-and-games" name="web:waitFor" time="0"/>
    <testcase classname="kids-games-01-lobby-and-games" name="web:evaluate" time="0"/>
    <testcase classname="kids-games-01-lobby-and-games" name="web:evaluate" time="0"/>
    <testcase classname="kids-games-01-lobby-and-games" name="web:screenshot" time="0"/>
    <testcase classname="kids-games-01-lobby-and-games" name="web:evaluate" time="0"/>
</testsuite>